[     194ms] [INFO] %cDownload the React DevTools for a better development experience: https://react.dev/link/react-devtools font-weight:bold @ https://pochamap.sbbs.click/_next/static/chunks/node_modules_next_dist_115brz8._.js:2431
[     254ms] [ERROR] WebSocket connection to 'wss://pochamap.sbbs.click/_next/webpack-hmr?id=UoBmA3WDfU3Irb7B8Cjjn' failed: Error during WebSocket handshake: Unexpected response code: 502 @ https://pochamap.sbbs.click/_next/static/chunks/node_modules_next_dist_client_0fhqo1d._.js:13299
[    1289ms] [ERROR] WebSocket connection to 'wss://pochamap.sbbs.click/_next/webpack-hmr?id=UoBmA3WDfU3Irb7B8Cjjn' failed: Error during WebSocket handshake: Unexpected response code: 502 @ https://pochamap.sbbs.click/_next/static/chunks/node_modules_next_dist_client_0fhqo1d._.js:13299
[    2327ms] [ERROR] WebSocket connection to 'wss://pochamap.sbbs.click/_next/webpack-hmr?id=UoBmA3WDfU3Irb7B8Cjjn' failed: Error during WebSocket handshake: Unexpected response code: 502 @ https://pochamap.sbbs.click/_next/static/chunks/node_modules_next_dist_client_0fhqo1d._.js:13299
[    3363ms] [ERROR] WebSocket connection to 'wss://pochamap.sbbs.click/_next/webpack-hmr?id=UoBmA3WDfU3Irb7B8Cjjn' failed: Error during WebSocket handshake: Unexpected response code: 502 @ https://pochamap.sbbs.click/_next/static/chunks/node_modules_next_dist_client_0fhqo1d._.js:13299
[    4399ms] [ERROR] WebSocket connection to 'wss://pochamap.sbbs.click/_next/webpack-hmr?id=UoBmA3WDfU3Irb7B8Cjjn' failed: Error during WebSocket handshake: Unexpected response code: 502 @ https://pochamap.sbbs.click/_next/static/chunks/node_modules_next_dist_client_0fhqo1d._.js:13299
[    5436ms] [ERROR] WebSocket connection to 'wss://pochamap.sbbs.click/_next/webpack-hmr?id=UoBmA3WDfU3Irb7B8Cjjn' failed: Error during WebSocket handshake: Unexpected response code: 502 @ https://pochamap.sbbs.click/_next/static/chunks/node_modules_next_dist_client_0fhqo1d._.js:13299
[   10478ms] [ERROR] WebSocket connection to 'wss://pochamap.sbbs.click/_next/webpack-hmr?id=UoBmA3WDfU3Irb7B8Cjjn' failed: Error during WebSocket handshake: Unexpected response code: 502 @ https://pochamap.sbbs.click/_next/static/chunks/node_modules_next_dist_client_0fhqo1d._.js:13299
[   15527ms] [ERROR] WebSocket connection to 'wss://pochamap.sbbs.click/_next/webpack-hmr?id=UoBmA3WDfU3Irb7B8Cjjn' failed: Error during WebSocket handshake: Unexpected response code: 502 @ https://pochamap.sbbs.click/_next/static/chunks/node_modules_next_dist_client_0fhqo1d._.js:13299
[   20596ms] [ERROR] WebSocket connection to 'wss://pochamap.sbbs.click/_next/webpack-hmr?id=UoBmA3WDfU3Irb7B8Cjjn' failed: Error during WebSocket handshake: Unexpected response code: 502 @ https://pochamap.sbbs.click/_next/static/chunks/node_modules_next_dist_client_0fhqo1d._.js:13299
[   25668ms] [ERROR] WebSocket connection to 'wss://pochamap.sbbs.click/_next/webpack-hmr?id=UoBmA3WDfU3Irb7B8Cjjn' failed: Error during WebSocket handshake: Unexpected response code: 502 @ https://pochamap.sbbs.click/_next/static/chunks/node_modules_next_dist_client_0fhqo1d._.js:13299
[   30853ms] [ERROR] WebSocket connection to 'wss://pochamap.sbbs.click/_next/webpack-hmr?id=UoBmA3WDfU3Irb7B8Cjjn' failed: Error during WebSocket handshake: Unexpected response code: 502 @ https://pochamap.sbbs.click/_next/static/chunks/node_modules_next_dist_client_0fhqo1d._.js:13299
[   36031ms] [ERROR] WebSocket connection to 'wss://pochamap.sbbs.click/_next/webpack-hmr?id=UoBmA3WDfU3Irb7B8Cjjn' failed: Error during WebSocket handshake: Unexpected response code: 502 @ https://pochamap.sbbs.click/_next/static/chunks/node_modules_next_dist_client_0fhqo1d._.js:13299
[   41248ms] [ERROR] WebSocket connection to 'wss://pochamap.sbbs.click/_next/webpack-hmr?id=UoBmA3WDfU3Irb7B8Cjjn' failed: Error during WebSocket handshake: Unexpected response code: 502 @ https://pochamap.sbbs.click/_next/static/chunks/node_modules_next_dist_client_0fhqo1d._.js:13299
[   41378ms] [INFO] %cDownload the React DevTools for a better development experience: https://react.dev/link/react-devtools font-weight:bold @ https://pochamap.sbbs.click/_next/static/chunks/node_modules_next_dist_115brz8._.js:2431
[   41709ms] [ERROR] WebSocket connection to 'wss://pochamap.sbbs.click/_next/webpack-hmr?id=CQ4VMnsyu5NrJxAbG3X1_' failed: Error during WebSocket handshake: Unexpected response code: 502 @ https://pochamap.sbbs.click/_next/static/chunks/node_modules_next_dist_client_0fhqo1d._.js:13299
[   44839ms] [ERROR] WebSocket connection to 'wss://pochamap.sbbs.click/_next/webpack-hmr?id=CQ4VMnsyu5NrJxAbG3X1_' failed: Error during WebSocket handshake: Unexpected response code: 502 @ https://pochamap.sbbs.click/_next/static/chunks/node_modules_next_dist_client_0fhqo1d._.js:13299
[   50146ms] [ERROR] WebSocket connection to 'wss://pochamap.sbbs.click/_next/webpack-hmr?id=CQ4VMnsyu5NrJxAbG3X1_' failed: Error during WebSocket handshake: Unexpected response code: 502 @ https://pochamap.sbbs.click/_next/static/chunks/node_modules_next_dist_client_0fhqo1d._.js:13299
[   54789ms] [ERROR] WebSocket connection to 'wss://pochamap.sbbs.click/_next/webpack-hmr?id=CQ4VMnsyu5NrJxAbG3X1_' failed: Error during WebSocket handshake: Unexpected response code: 502 @ https://pochamap.sbbs.click/_next/static/chunks/node_modules_next_dist_client_0fhqo1d._.js:13299
[   60504ms] [ERROR] WebSocket connection to 'wss://pochamap.sbbs.click/_next/webpack-hmr?id=CQ4VMnsyu5NrJxAbG3X1_' failed: Error during WebSocket handshake: Unexpected response code: 502 @ https://pochamap.sbbs.click/_next/static/chunks/node_modules_next_dist_client_0fhqo1d._.js:13299
[   62760ms] [ERROR] WebSocket connection to 'wss://pochamap.sbbs.click/_next/webpack-hmr?id=CQ4VMnsyu5NrJxAbG3X1_' failed: Error during WebSocket handshake: Unexpected response code: 502 @ https://pochamap.sbbs.click/_next/static/chunks/node_modules_next_dist_client_0fhqo1d._.js:13299
[   71957ms] [ERROR] WebSocket connection to 'wss://pochamap.sbbs.click/_next/webpack-hmr?id=CQ4VMnsyu5NrJxAbG3X1_' failed: Error during WebSocket handshake: Unexpected response code: 502 @ https://pochamap.sbbs.click/_next/static/chunks/node_modules_next_dist_client_0fhqo1d._.js:13299
[   80919ms] [ERROR] WebSocket connection to 'wss://pochamap.sbbs.click/_next/webpack-hmr?id=CQ4VMnsyu5NrJxAbG3X1_' failed: Error during WebSocket handshake: Unexpected response code: 502 @ https://pochamap.sbbs.click/_next/static/chunks/node_modules_next_dist_client_0fhqo1d._.js:13299
